<?xml version="1.0" encoding="UTF-8"?>
<!-- Generated by org.testng.reporters.JUnitReportReporter -->
<testsuite skipped="0" hostname="ip-172-31-87-20" name="restAPIBDD.GetRequest" tests="1" failures="0" timestamp="04 Dec 2021 14:31:12 GMT" time="1.362" errors="0">
  <testcase name="GetCall" time="1.362" classname="restAPIBDD.GetRequest"/>
</testsuite> <!-- restAPIBDD.GetRequest -->
