<?xml version="1.0" encoding="UTF-8"?>
<!-- Generated by org.testng.reporters.JUnitReportReporter -->
<testsuite skipped="0" hostname="ip-172-31-87-20" name="restAPIBDD.PostRequest" tests="1" failures="0" timestamp="04 Dec 2021 14:31:12 GMT" time="0.323" errors="0">
  <testcase name="PostCall" time="0.323" classname="restAPIBDD.PostRequest"/>
</testsuite> <!-- restAPIBDD.PostRequest -->
